1751662644.524575 client started (4557): version 3.4, socket /tmp/tmux-1000/default, protocol 8
1751662644.524606 on Linux 6.6.87.2-microsoft-standard-WSL2 #1 SMP PREEMPT_DYNAMIC Thu Jun  5 18:30:46 UTC 2025
1751662644.524609 using libevent 2.1.12-stable poll
1751662644.524611 using ncurses 6.4 20240113
1751662644.524625 flags are 0x18010000
1751662644.524637 socket is /tmp/tmux-1000/default
1751662644.524651 trying connect
1751662644.524666 connect failed: Connection refused
1751662644.524676 lock file is /tmp/tmux-1000/default.lock
1751662644.525304 flock succeeded
1751662644.525313 got lock (6)
1751662644.525323 trying connect
1751662644.525335 connect failed: Connection refused
1751662644.525820 add peer 0x5e8060e947d0: 7 ((nil))
1751662644.526975 sending message 100 to peer 0x5e8060e947d0 (4 bytes)
1751662644.526984 sending message 111 to peer 0x5e8060e947d0 (8 bytes)
1751662644.526987 sending message 101 to peer 0x5e8060e947d0 (15 bytes)
1751662644.526989 sending message 109 to peer 0x5e8060e947d0 (4 bytes)
1751662644.526991 sending message 102 to peer 0x5e8060e947d0 (11 bytes)
1751662644.526993 sending message 108 to peer 0x5e8060e947d0 (23 bytes)
1751662644.526996 sending message 112 to peer 0x5e8060e947d0 (58 bytes)
1751662644.526998 sending message 112 to peer 0x5e8060e947d0 (5 bytes)
1751662644.527000 sending message 112 to peer 0x5e8060e947d0 (5 bytes)
1751662644.527002 sending message 112 to peer 0x5e8060e947d0 (6 bytes)
1751662644.527005 sending message 112 to peer 0x5e8060e947d0 (6 bytes)
1751662644.527007 sending message 112 to peer 0x5e8060e947d0 (11 bytes)
1751662644.527009 sending message 112 to peer 0x5e8060e947d0 (10 bytes)
1751662644.527011 sending message 112 to peer 0x5e8060e947d0 (13 bytes)
1751662644.527013 sending message 112 to peer 0x5e8060e947d0 (14 bytes)
1751662644.527015 sending message 112 to peer 0x5e8060e947d0 (19 bytes)
1751662644.527017 sending message 112 to peer 0x5e8060e947d0 (11 bytes)
1751662644.527019 sending message 112 to peer 0x5e8060e947d0 (10 bytes)
1751662644.527021 sending message 112 to peer 0x5e8060e947d0 (15 bytes)
1751662644.527023 sending message 112 to peer 0x5e8060e947d0 (21 bytes)
1751662644.527025 sending message 112 to peer 0x5e8060e947d0 (13 bytes)
1751662644.527027 sending message 112 to peer 0x5e8060e947d0 (7 bytes)
1751662644.527029 sending message 112 to peer 0x5e8060e947d0 (13 bytes)
1751662644.527031 sending message 112 to peer 0x5e8060e947d0 (7 bytes)
1751662644.527033 sending message 112 to peer 0x5e8060e947d0 (13 bytes)
1751662644.527035 sending message 112 to peer 0x5e8060e947d0 (9 bytes)
1751662644.527037 sending message 112 to peer 0x5e8060e947d0 (21 bytes)
1751662644.527039 sending message 112 to peer 0x5e8060e947d0 (13 bytes)
1751662644.527041 sending message 112 to peer 0x5e8060e947d0 (9 bytes)
1751662644.527044 sending message 112 to peer 0x5e8060e947d0 (16 bytes)
1751662644.527046 sending message 112 to peer 0x5e8060e947d0 (13 bytes)
1751662644.527048 sending message 112 to peer 0x5e8060e947d0 (9 bytes)
1751662644.527050 sending message 112 to peer 0x5e8060e947d0 (9 bytes)
1751662644.527052 sending message 112 to peer 0x5e8060e947d0 (12 bytes)
1751662644.527054 sending message 112 to peer 0x5e8060e947d0 (8 bytes)
1751662644.527056 sending message 112 to peer 0x5e8060e947d0 (8 bytes)
1751662644.527058 sending message 112 to peer 0x5e8060e947d0 (13 bytes)
1751662644.527060 sending message 112 to peer 0x5e8060e947d0 (7 bytes)
1751662644.527062 sending message 112 to peer 0x5e8060e947d0 (7 bytes)
1751662644.527064 sending message 112 to peer 0x5e8060e947d0 (9 bytes)
1751662644.527066 sending message 112 to peer 0x5e8060e947d0 (9 bytes)
1751662644.527068 sending message 112 to peer 0x5e8060e947d0 (15 bytes)
1751662644.527070 sending message 112 to peer 0x5e8060e947d0 (13 bytes)
1751662644.527072 sending message 112 to peer 0x5e8060e947d0 (12 bytes)
1751662644.527074 sending message 112 to peer 0x5e8060e947d0 (8 bytes)
1751662644.527076 sending message 112 to peer 0x5e8060e947d0 (14 bytes)
1751662644.527079 sending message 112 to peer 0x5e8060e947d0 (11 bytes)
1751662644.527092 sending message 112 to peer 0x5e8060e947d0 (9 bytes)
1751662644.527094 sending message 112 to peer 0x5e8060e947d0 (10 bytes)
1751662644.527096 sending message 112 to peer 0x5e8060e947d0 (10 bytes)
1751662644.527098 sending message 112 to peer 0x5e8060e947d0 (10 bytes)
1751662644.527100 sending message 112 to peer 0x5e8060e947d0 (10 bytes)
1751662644.527102 sending message 112 to peer 0x5e8060e947d0 (11 bytes)
1751662644.527104 sending message 112 to peer 0x5e8060e947d0 (12 bytes)
1751662644.527106 sending message 112 to peer 0x5e8060e947d0 (12 bytes)
1751662644.527108 sending message 112 to peer 0x5e8060e947d0 (12 bytes)
1751662644.527110 sending message 112 to peer 0x5e8060e947d0 (12 bytes)
1751662644.527112 sending message 112 to peer 0x5e8060e947d0 (12 bytes)
1751662644.527114 sending message 112 to peer 0x5e8060e947d0 (11 bytes)
1751662644.527116 sending message 112 to peer 0x5e8060e947d0 (11 bytes)
1751662644.527118 sending message 112 to peer 0x5e8060e947d0 (12 bytes)
1751662644.527120 sending message 112 to peer 0x5e8060e947d0 (12 bytes)
1751662644.527122 sending message 112 to peer 0x5e8060e947d0 (12 bytes)
1751662644.527124 sending message 112 to peer 0x5e8060e947d0 (12 bytes)
1751662644.527126 sending message 112 to peer 0x5e8060e947d0 (12 bytes)
1751662644.527128 sending message 112 to peer 0x5e8060e947d0 (9 bytes)
1751662644.527130 sending message 112 to peer 0x5e8060e947d0 (12 bytes)
1751662644.527132 sending message 112 to peer 0x5e8060e947d0 (13 bytes)
1751662644.527134 sending message 112 to peer 0x5e8060e947d0 (13 bytes)
1751662644.527136 sending message 112 to peer 0x5e8060e947d0 (13 bytes)
1751662644.527138 sending message 112 to peer 0x5e8060e947d0 (13 bytes)
1751662644.527140 sending message 112 to peer 0x5e8060e947d0 (13 bytes)
1751662644.527142 sending message 112 to peer 0x5e8060e947d0 (8 bytes)
1751662644.527144 sending message 112 to peer 0x5e8060e947d0 (11 bytes)
1751662644.527146 sending message 112 to peer 0x5e8060e947d0 (11 bytes)
1751662644.527148 sending message 112 to peer 0x5e8060e947d0 (11 bytes)
1751662644.527150 sending message 112 to peer 0x5e8060e947d0 (12 bytes)
1751662644.527152 sending message 112 to peer 0x5e8060e947d0 (12 bytes)
1751662644.527154 sending message 112 to peer 0x5e8060e947d0 (12 bytes)
1751662644.527156 sending message 112 to peer 0x5e8060e947d0 (12 bytes)
1751662644.527158 sending message 112 to peer 0x5e8060e947d0 (13 bytes)
1751662644.527160 sending message 112 to peer 0x5e8060e947d0 (13 bytes)
1751662644.527162 sending message 112 to peer 0x5e8060e947d0 (13 bytes)
1751662644.527164 sending message 112 to peer 0x5e8060e947d0 (8 bytes)
1751662644.527166 sending message 112 to peer 0x5e8060e947d0 (13 bytes)
1751662644.527168 sending message 112 to peer 0x5e8060e947d0 (13 bytes)
1751662644.527170 sending message 112 to peer 0x5e8060e947d0 (13 bytes)
1751662644.527172 sending message 112 to peer 0x5e8060e947d0 (13 bytes)
1751662644.527174 sending message 112 to peer 0x5e8060e947d0 (13 bytes)
1751662644.527176 sending message 112 to peer 0x5e8060e947d0 (12 bytes)
1751662644.527178 sending message 112 to peer 0x5e8060e947d0 (12 bytes)
1751662644.527180 sending message 112 to peer 0x5e8060e947d0 (12 bytes)
1751662644.527182 sending message 112 to peer 0x5e8060e947d0 (12 bytes)
1751662644.527184 sending message 112 to peer 0x5e8060e947d0 (13 bytes)
1751662644.527186 sending message 112 to peer 0x5e8060e947d0 (8 bytes)
1751662644.527188 sending message 112 to peer 0x5e8060e947d0 (13 bytes)
1751662644.527190 sending message 112 to peer 0x5e8060e947d0 (13 bytes)
1751662644.527192 sending message 112 to peer 0x5e8060e947d0 (13 bytes)
1751662644.527194 sending message 112 to peer 0x5e8060e947d0 (13 bytes)
1751662644.527196 sending message 112 to peer 0x5e8060e947d0 (13 bytes)
1751662644.527198 sending message 112 to peer 0x5e8060e947d0 (13 bytes)
1751662644.527200 sending message 112 to peer 0x5e8060e947d0 (13 bytes)
1751662644.527202 sending message 112 to peer 0x5e8060e947d0 (12 bytes)
1751662644.527204 sending message 112 to peer 0x5e8060e947d0 (12 bytes)
1751662644.527210 sending message 112 to peer 0x5e8060e947d0 (12 bytes)
1751662644.527212 sending message 112 to peer 0x5e8060e947d0 (8 bytes)
1751662644.527214 sending message 112 to peer 0x5e8060e947d0 (12 bytes)
1751662644.527216 sending message 112 to peer 0x5e8060e947d0 (13 bytes)
1751662644.527218 sending message 112 to peer 0x5e8060e947d0 (13 bytes)
1751662644.527220 sending message 112 to peer 0x5e8060e947d0 (13 bytes)
1751662644.527222 sending message 112 to peer 0x5e8060e947d0 (13 bytes)
1751662644.527224 sending message 112 to peer 0x5e8060e947d0 (13 bytes)
1751662644.527226 sending message 112 to peer 0x5e8060e947d0 (13 bytes)
1751662644.527228 sending message 112 to peer 0x5e8060e947d0 (13 bytes)
1751662644.527230 sending message 112 to peer 0x5e8060e947d0 (13 bytes)
1751662644.527232 sending message 112 to peer 0x5e8060e947d0 (12 bytes)
1751662644.527234 sending message 112 to peer 0x5e8060e947d0 (10 bytes)
1751662644.527236 sending message 112 to peer 0x5e8060e947d0 (12 bytes)
1751662644.527238 sending message 112 to peer 0x5e8060e947d0 (12 bytes)
1751662644.527240 sending message 112 to peer 0x5e8060e947d0 (12 bytes)
1751662644.527242 sending message 112 to peer 0x5e8060e947d0 (13 bytes)
1751662644.527244 sending message 112 to peer 0x5e8060e947d0 (13 bytes)
1751662644.527246 sending message 112 to peer 0x5e8060e947d0 (13 bytes)
1751662644.527248 sending message 112 to peer 0x5e8060e947d0 (13 bytes)
1751662644.527250 sending message 112 to peer 0x5e8060e947d0 (13 bytes)
1751662644.527252 sending message 112 to peer 0x5e8060e947d0 (13 bytes)
1751662644.527254 sending message 112 to peer 0x5e8060e947d0 (13 bytes)
1751662644.527256 sending message 112 to peer 0x5e8060e947d0 (10 bytes)
1751662644.527258 sending message 112 to peer 0x5e8060e947d0 (13 bytes)
1751662644.527260 sending message 112 to peer 0x5e8060e947d0 (12 bytes)
1751662644.527262 sending message 112 to peer 0x5e8060e947d0 (12 bytes)
1751662644.527264 sending message 112 to peer 0x5e8060e947d0 (12 bytes)
1751662644.527266 sending message 112 to peer 0x5e8060e947d0 (10 bytes)
1751662644.527268 sending message 112 to peer 0x5e8060e947d0 (10 bytes)
1751662644.527270 sending message 112 to peer 0x5e8060e947d0 (10 bytes)
1751662644.527272 sending message 112 to peer 0x5e8060e947d0 (12 bytes)
1751662644.527274 sending message 112 to peer 0x5e8060e947d0 (13 bytes)
1751662644.527276 sending message 112 to peer 0x5e8060e947d0 (13 bytes)
1751662644.527278 sending message 112 to peer 0x5e8060e947d0 (13 bytes)
1751662644.527280 sending message 112 to peer 0x5e8060e947d0 (13 bytes)
1751662644.527282 sending message 112 to peer 0x5e8060e947d0 (13 bytes)
1751662644.527284 sending message 112 to peer 0x5e8060e947d0 (10 bytes)
1751662644.527286 sending message 112 to peer 0x5e8060e947d0 (11 bytes)
1751662644.527288 sending message 112 to peer 0x5e8060e947d0 (12 bytes)
1751662644.527290 sending message 112 to peer 0x5e8060e947d0 (12 bytes)
1751662644.527292 sending message 112 to peer 0x5e8060e947d0 (12 bytes)
1751662644.527294 sending message 112 to peer 0x5e8060e947d0 (12 bytes)
1751662644.527296 sending message 112 to peer 0x5e8060e947d0 (12 bytes)
1751662644.527298 sending message 112 to peer 0x5e8060e947d0 (11 bytes)
1751662644.527300 sending message 112 to peer 0x5e8060e947d0 (12 bytes)
1751662644.527302 sending message 112 to peer 0x5e8060e947d0 (12 bytes)
1751662644.527304 sending message 112 to peer 0x5e8060e947d0 (13 bytes)
1751662644.527306 sending message 112 to peer 0x5e8060e947d0 (13 bytes)
1751662644.527308 sending message 112 to peer 0x5e8060e947d0 (13 bytes)
1751662644.527310 sending message 112 to peer 0x5e8060e947d0 (13 bytes)
1751662644.527312 sending message 112 to peer 0x5e8060e947d0 (13 bytes)
1751662644.527314 sending message 112 to peer 0x5e8060e947d0 (10 bytes)
1751662644.527316 sending message 112 to peer 0x5e8060e947d0 (9 bytes)
1751662644.527318 sending message 112 to peer 0x5e8060e947d0 (12 bytes)
1751662644.527320 sending message 112 to peer 0x5e8060e947d0 (13 bytes)
1751662644.527322 sending message 112 to peer 0x5e8060e947d0 (13 bytes)
1751662644.527327 sending message 112 to peer 0x5e8060e947d0 (13 bytes)
1751662644.527329 sending message 112 to peer 0x5e8060e947d0 (13 bytes)
1751662644.527331 sending message 112 to peer 0x5e8060e947d0 (13 bytes)
1751662644.527333 sending message 112 to peer 0x5e8060e947d0 (9 bytes)
1751662644.527335 sending message 112 to peer 0x5e8060e947d0 (12 bytes)
1751662644.527337 sending message 112 to peer 0x5e8060e947d0 (13 bytes)
1751662644.527339 sending message 112 to peer 0x5e8060e947d0 (13 bytes)
1751662644.527341 sending message 112 to peer 0x5e8060e947d0 (13 bytes)
1751662644.527343 sending message 112 to peer 0x5e8060e947d0 (13 bytes)
1751662644.527345 sending message 112 to peer 0x5e8060e947d0 (13 bytes)
1751662644.527347 sending message 112 to peer 0x5e8060e947d0 (11 bytes)
1751662644.527349 sending message 112 to peer 0x5e8060e947d0 (12 bytes)
1751662644.527351 sending message 112 to peer 0x5e8060e947d0 (13 bytes)
1751662644.527353 sending message 112 to peer 0x5e8060e947d0 (13 bytes)
1751662644.527355 sending message 112 to peer 0x5e8060e947d0 (13 bytes)
1751662644.527357 sending message 112 to peer 0x5e8060e947d0 (13 bytes)
1751662644.527359 sending message 112 to peer 0x5e8060e947d0 (13 bytes)
1751662644.527361 sending message 112 to peer 0x5e8060e947d0 (11 bytes)
1751662644.527363 sending message 112 to peer 0x5e8060e947d0 (12 bytes)
1751662644.527365 sending message 112 to peer 0x5e8060e947d0 (12 bytes)
1751662644.527367 sending message 112 to peer 0x5e8060e947d0 (12 bytes)
1751662644.527369 sending message 112 to peer 0x5e8060e947d0 (12 bytes)
1751662644.527371 sending message 112 to peer 0x5e8060e947d0 (12 bytes)
1751662644.527374 sending message 112 to peer 0x5e8060e947d0 (21 bytes)
1751662644.527376 sending message 112 to peer 0x5e8060e947d0 (12 bytes)
1751662644.527378 sending message 112 to peer 0x5e8060e947d0 (9 bytes)
1751662644.527380 sending message 112 to peer 0x5e8060e947d0 (6 bytes)
1751662644.527382 sending message 112 to peer 0x5e8060e947d0 (13 bytes)
1751662644.527384 sending message 112 to peer 0x5e8060e947d0 (10 bytes)
1751662644.527386 sending message 112 to peer 0x5e8060e947d0 (24 bytes)
1751662644.527388 sending message 112 to peer 0x5e8060e947d0 (13 bytes)
1751662644.527390 sending message 112 to peer 0x5e8060e947d0 (9 bytes)
1751662644.527392 sending message 112 to peer 0x5e8060e947d0 (70 bytes)
1751662644.527395 sending message 112 to peer 0x5e8060e947d0 (69 bytes)
1751662644.527397 sending message 112 to peer 0x5e8060e947d0 (12 bytes)
1751662644.527399 sending message 112 to peer 0x5e8060e947d0 (10 bytes)
1751662644.527401 sending message 112 to peer 0x5e8060e947d0 (10 bytes)
1751662644.527403 sending message 112 to peer 0x5e8060e947d0 (24 bytes)
1751662644.527405 sending message 112 to peer 0x5e8060e947d0 (13 bytes)
1751662644.527407 sending message 112 to peer 0x5e8060e947d0 (10 bytes)
1751662644.527410 sending message 112 to peer 0x5e8060e947d0 (10 bytes)
1751662644.527412 sending message 112 to peer 0x5e8060e947d0 (10 bytes)
1751662644.527414 sending message 112 to peer 0x5e8060e947d0 (13 bytes)
1751662644.527416 sending message 112 to peer 0x5e8060e947d0 (15 bytes)
1751662644.527418 sending message 112 to peer 0x5e8060e947d0 (5 bytes)
1751662644.527421 sending message 104 to peer 0x5e8060e947d0 (0 bytes)
1751662644.527424 sending message 110 to peer 0x5e8060e947d0 (0 bytes)
1751662644.527427 sending message 107 to peer 0x5e8060e947d0 (4 bytes)
1751662644.527429 sending message 105 to peer 0x5e8060e947d0 (16 bytes)
1751662644.527431 sending message 105 to peer 0x5e8060e947d0 (24 bytes)
1751662644.527433 sending message 105 to peer 0x5e8060e947d0 (23 bytes)
1751662644.527435 sending message 105 to peer 0x5e8060e947d0 (48 bytes)
1751662644.527438 sending message 105 to peer 0x5e8060e947d0 (46 bytes)
1751662644.527440 sending message 105 to peer 0x5e8060e947d0 (18 bytes)
1751662644.527442 sending message 105 to peer 0x5e8060e947d0 (21 bytes)
1751662644.527444 sending message 105 to peer 0x5e8060e947d0 (27 bytes)
1751662644.527446 sending message 105 to peer 0x5e8060e947d0 (12 bytes)
1751662644.527451 sending message 105 to peer 0x5e8060e947d0 (23 bytes)
1751662644.527453 sending message 105 to peer 0x5e8060e947d0 (15 bytes)
1751662644.527455 sending message 105 to peer 0x5e8060e947d0 (13 bytes)
1751662644.527457 sending message 105 to peer 0x5e8060e947d0 (33 bytes)
1751662644.527460 sending message 105 to peer 0x5e8060e947d0 (1817 bytes)
1751662644.527471 sending message 105 to peer 0x5e8060e947d0 (26 bytes)
1751662644.527473 sending message 105 to peer 0x5e8060e947d0 (34 bytes)
1751662644.527475 sending message 105 to peer 0x5e8060e947d0 (20 bytes)
1751662644.527478 sending message 105 to peer 0x5e8060e947d0 (32 bytes)
1751662644.527480 sending message 105 to peer 0x5e8060e947d0 (9 bytes)
1751662644.527482 sending message 105 to peer 0x5e8060e947d0 (11 bytes)
1751662644.527484 sending message 105 to peer 0x5e8060e947d0 (8 bytes)
1751662644.527486 sending message 105 to peer 0x5e8060e947d0 (32 bytes)
1751662644.527488 sending message 105 to peer 0x5e8060e947d0 (33 bytes)
1751662644.527490 sending message 105 to peer 0x5e8060e947d0 (65 bytes)
1751662644.527493 sending message 105 to peer 0x5e8060e947d0 (408 bytes)
1751662644.527495 sending message 105 to peer 0x5e8060e947d0 (54 bytes)
1751662644.527497 sending message 105 to peer 0x5e8060e947d0 (16 bytes)
1751662644.527499 sending message 105 to peer 0x5e8060e947d0 (40 bytes)
1751662644.527502 sending message 105 to peer 0x5e8060e947d0 (53 bytes)
1751662644.527504 sending message 105 to peer 0x5e8060e947d0 (25 bytes)
1751662644.527506 sending message 105 to peer 0x5e8060e947d0 (16 bytes)
1751662644.527508 sending message 106 to peer 0x5e8060e947d0 (0 bytes)
1751662644.527552 sending message 200 to peer 0x5e8060e947d0 (4 bytes)
1751662644.527554 client loop enter
1751662644.527569 client_signal: Child exited
1751662644.560178 peer 0x5e8060e947d0 message 207
1751662644.560188 sending message 208 to peer 0x5e8060e947d0 (0 bytes)
1751662649.931628 peer 0x5e8060e947d0 message 203
1751662649.931647 sending message 205 to peer 0x5e8060e947d0 (0 bytes)
1751662649.932774 peer 0x5e8060e947d0 message 204
1751662649.932789 client loop exit
